<?xml version="1.0" encoding="UTF-8"?>
<!-- Generated by org.testng.reporters.JUnitReportReporter -->
<testsuite skipped="0" hostname="Vivekreddy" name="udemy.global.properties.ExecuteTestBaseClass" tests="2" failures="0" timestamp="25 Oct 2018 19:51:44 GMT" time="21.017" errors="0">
  <testcase name="executeParentClass" time="13.405" classname="udemy.global.properties.ExecuteTestBaseClass"/>
  <testcase name="details" time="7.612" classname="udemy.global.properties.ExecuteTestBaseClass"/>
</testsuite> <!-- udemy.global.properties.ExecuteTestBaseClass -->
