<?xml version="1.0" encoding="UTF-8"?>
<!-- Generated by org.testng.reporters.JUnitReportReporter -->
<testsuite skipped="0" hostname="Vivekreddy" name="udemy.global.properties.TestBase" tests="1" failures="0" timestamp="25 Oct 2018 19:37:56 GMT" time="17.789" errors="0">
  <testcase name="details" time="17.789" classname="udemy.global.properties.TestBase"/>
</testsuite> <!-- udemy.global.properties.TestBase -->
